<?xml version="1.0" encoding="UTF-8" ?>
<testsuite 
errors="0" failures="0" hostname="sputnik" name="org.bdgenomics.lime.set_theory.MergeSuite" tests="1" time="0.529" timestamp="2017-04-18T15:03:41">
  <properties>
    <property name="java.runtime.name" value="OpenJDK Runtime Environment">
    </property>
    <property 
    name="sun.boot.library.path" value="/usr/lib/jvm/java-8-openjdk-amd64/jre/lib/amd64">
</property>
    <property name="java.vm.version" value="25.121-b13"> </property>
    <property name="java.vm.vendor" value="Oracle Corporation"> </property>
    <property name="java.vendor.url" value="http://java.oracle.com/">
    </property>
    <property name="path.separator" value=":"> </property>
    <property name="java.vm.name" value="OpenJDK 64-Bit Server VM"> </property>
    <property name="file.encoding.pkg" value="sun.io"> </property>
    <property name="user.country" value="US"> </property>
    <property name="sun.java.launcher" value="SUN_STANDARD"> </property>
    <property name="sun.os.patch.level" value="unknown"> </property>
    <property 
    name="java.vm.specification.name" value="Java Virtual Machine Specification">
</property>
    <property name="user.dir" value="/home/goutam/goutam-lime/lime/lime-core">
    </property>
    <property 
    name="java.runtime.version" value="1.8.0_121-8u121-b13-0ubuntu1.16.04.2-b13">
</property>
    <property 
    name="java.awt.graphicsenv" value="sun.awt.X11GraphicsEnvironment">
</property>
    <property name="basedir" value="/home/goutam/goutam-lime/lime/lime-core">
    </property>
    <property 
    name="java.endorsed.dirs" value="/usr/lib/jvm/java-8-openjdk-amd64/jre/lib/endorsed">
</property>
    <property name="os.arch" value="amd64"> </property>
    <property name="java.io.tmpdir" value="/tmp"> </property>
    <property name="line.separator" value=" "> </property>
    <property name="java.vm.specification.vendor" value="Oracle Corporation">
    </property>
    <property name="os.name" value="Linux"> </property>
    <property name="sun.jnu.encoding" value="UTF-8"> </property>
    <property 
    name="java.library.path" value="/usr/java/packages/lib/amd64:/usr/lib/x86_64-linux-gnu/jni:/lib/x86_64-linux-gnu:/usr/lib/x86_64-linux-gnu:/usr/lib/jni:/lib:/usr/lib">
</property>
    <property 
    name="java.specification.name" value="Java Platform API Specification">
</property>
    <property name="java.class.version" value="52.0"> </property>
    <property 
    name="sun.management.compiler" value="HotSpot 64-Bit Tiered Compilers">
</property>
    <property name="os.version" value="4.4.0-72-generic"> </property>
    <property name="user.home" value="/home/goutam"> </property>
    <property name="user.timezone" value=""> </property>
    <property name="java.awt.printerjob" value="sun.print.PSPrinterJob">
    </property>
    <property name="file.encoding" value="UTF-8"> </property>
    <property name="java.specification.version" value="1.8"> </property>
    <property name="user.name" value="goutam"> </property>
    <property 
    name="java.class.path" value="/home/goutam/goutam-lime/lime/lime-core/target/scala-2.11.8/test-classes:/home/goutam/goutam-lime/lime/lime-core/target/scala-2.11.8/classes:/home/goutam/.m2/repository/org/bdgenomics/utils/utils-metrics-spark2_2.11/0.2.11/utils-metrics-spark2_2.11-0.2.11.jar:/home/goutam/.m2/repository/org/bdgenomics/utils/utils-misc-spark2_2.11/0.2.11/utils-misc-spark2_2.11-0.2.11.jar:/home/goutam/.m2/repository/com/netflix/servo/servo-core/0.5.5/servo-core-0.5.5.jar:/home/goutam/.m2/repository/com/google/code/findbugs/annotations/2.0.0/annotations-2.0.0.jar:/home/goutam/.m2/repository/org/scala-lang/scala-library/2.11.4/scala-library-2.11.4.jar:/home/goutam/.m2/repository/org/bdgenomics/utils/utils-serialization-spark2_2.11/0.2.11/utils-serialization-spark2_2.11-0.2.11.jar:/home/goutam/.m2/repository/com/esotericsoftware/kryo/kryo/2.24.0/kryo-2.24.0.jar:/home/goutam/.m2/repository/com/esotericsoftware/minlog/minlog/1.2/minlog-1.2.jar:/home/goutam/.m2/repository/org/objenesis/objenesis/2.1/objenesis-2.1.jar:/home/goutam/.m2/repository/org/bdgenomics/utils/utils-misc-spark2_2.11/0.2.11/utils-misc-spark2_2.11-0.2.11-tests.jar:/home/goutam/.m2/repository/org/apache/hadoop/hadoop-client/2.6.0/hadoop-client-2.6.0.jar:/home/goutam/.m2/repository/org/apache/hadoop/hadoop-common/2.6.0/hadoop-common-2.6.0.jar:/home/goutam/.m2/repository/commons-cli/commons-cli/1.2/commons-cli-1.2.jar:/home/goutam/.m2/repository/xmlenc/xmlenc/0.52/xmlenc-0.52.jar:/home/goutam/.m2/repository/commons-httpclient/commons-httpclient/3.1/commons-httpclient-3.1.jar:/home/goutam/.m2/repository/commons-codec/commons-codec/1.4/commons-codec-1.4.jar:/home/goutam/.m2/repository/commons-collections/commons-collections/3.2.1/commons-collections-3.2.1.jar:/home/goutam/.m2/repository/commons-logging/commons-logging/1.1.3/commons-logging-1.1.3.jar:/home/goutam/.m2/repository/commons-lang/commons-lang/2.6/commons-lang-2.6.jar:/home/goutam/.m2/repository/commons-configuration/commons-configuration/1.10/commons-configuration-1.10.jar:/home/goutam/.m2/repository/com/google/protobuf/protobuf-java/2.5.0/protobuf-java-2.5.0.jar:/home/goutam/.m2/repository/com/google/code/gson/gson/2.2.4/gson-2.2.4.jar:/home/goutam/.m2/repository/org/apache/hadoop/hadoop-auth/2.6.0/hadoop-auth-2.6.0.jar:/home/goutam/.m2/repository/org/apache/directory/server/apacheds-kerberos-codec/2.0.0-M15/apacheds-kerberos-codec-2.0.0-M15.jar:/home/goutam/.m2/repository/org/apache/directory/server/apacheds-i18n/2.0.0-M15/apacheds-i18n-2.0.0-M15.jar:/home/goutam/.m2/repository/org/apache/directory/api/api-asn1-api/1.0.0-M20/api-asn1-api-1.0.0-M20.jar:/home/goutam/.m2/repository/org/apache/directory/api/api-util/1.0.0-M20/api-util-1.0.0-M20.jar:/home/goutam/.m2/repository/org/apache/curator/curator-client/2.6.0/curator-client-2.6.0.jar:/home/goutam/.m2/repository/org/htrace/htrace-core/3.0.4/htrace-core-3.0.4.jar:/home/goutam/.m2/repository/org/apache/zookeeper/zookeeper/3.4.6/zookeeper-3.4.6.jar:/home/goutam/.m2/repository/org/apache/commons/commons-compress/1.4.1/commons-compress-1.4.1.jar:/home/goutam/.m2/repository/org/apache/hadoop/hadoop-hdfs/2.6.0/hadoop-hdfs-2.6.0.jar:/home/goutam/.m2/repository/org/mortbay/jetty/jetty-util/6.1.26/jetty-util-6.1.26.jar:/home/goutam/.m2/repository/xerces/xercesImpl/2.9.1/xercesImpl-2.9.1.jar:/home/goutam/.m2/repository/xml-apis/xml-apis/1.3.04/xml-apis-1.3.04.jar:/home/goutam/.m2/repository/org/apache/hadoop/hadoop-mapreduce-client-app/2.6.0/hadoop-mapreduce-client-app-2.6.0.jar:/home/goutam/.m2/repository/org/apache/hadoop/hadoop-mapreduce-client-common/2.6.0/hadoop-mapreduce-client-common-2.6.0.jar:/home/goutam/.m2/repository/org/apache/hadoop/hadoop-yarn-client/2.6.0/hadoop-yarn-client-2.6.0.jar:/home/goutam/.m2/repository/org/apache/hadoop/hadoop-yarn-server-common/2.6.0/hadoop-yarn-server-common-2.6.0.jar:/home/goutam/.m2/repository/org/apache/hadoop/hadoop-mapreduce-client-shuffle/2.6.0/hadoop-mapreduce-client-shuffle-2.6.0.jar:/home/goutam/.m2/repository/org/apache/hadoop/hadoop-yarn-api/2.6.0/hadoop-yarn-api-2.6.0.jar:/home/goutam/.m2/repository/org/apache/hadoop/hadoop-mapreduce-client-core/2.6.0/hadoop-mapreduce-client-core-2.6.0.jar:/home/goutam/.m2/repository/org/apache/hadoop/hadoop-yarn-common/2.6.0/hadoop-yarn-common-2.6.0.jar:/home/goutam/.m2/repository/javax/xml/bind/jaxb-api/2.2.2/jaxb-api-2.2.2.jar:/home/goutam/.m2/repository/javax/xml/stream/stax-api/1.0-2/stax-api-1.0-2.jar:/home/goutam/.m2/repository/javax/activation/activation/1.1/activation-1.1.jar:/home/goutam/.m2/repository/com/sun/jersey/jersey-core/1.9/jersey-core-1.9.jar:/home/goutam/.m2/repository/com/sun/jersey/jersey-client/1.9/jersey-client-1.9.jar:/home/goutam/.m2/repository/org/apache/hadoop/hadoop-mapreduce-client-jobclient/2.6.0/hadoop-mapreduce-client-jobclient-2.6.0.jar:/home/goutam/.m2/repository/org/apache/hadoop/hadoop-annotations/2.6.0/hadoop-annotations-2.6.0.jar:/home/goutam/.m2/repository/org/bdgenomics/adam/adam-core-spark2_2.11/0.23.0-SNAPSHOT/adam-core-spark2_2.11-0.23.0-SNAPSHOT.jar:/home/goutam/.m2/repository/org/bdgenomics/utils/utils-io-spark2_2.11/0.2.13/utils-io-spark2_2.11-0.2.13.jar:/home/goutam/.m2/repository/org/bdgenomics/utils/utils-cli-spark2_2.11/0.2.11/utils-cli-spark2_2.11-0.2.11.jar:/home/goutam/.m2/repository/args4j/args4j/2.0.31/args4j-2.0.31.jar:/home/goutam/.m2/repository/org/bdgenomics/utils/utils-intervalrdd-spark2_2.11/0.2.13/utils-intervalrdd-spark2_2.11-0.2.13.jar:/home/goutam/.m2/repository/commons-io/commons-io/1.3.2/commons-io-1.3.2.jar:/home/goutam/.m2/repository/it/unimi/dsi/fastutil/6.6.5/fastutil-6.6.5.jar:/home/goutam/.m2/repository/org/apache/avro/avro/1.8.0/avro-1.8.0.jar:/home/goutam/.m2/repository/org/codehaus/jackson/jackson-core-asl/1.9.13/jackson-core-asl-1.9.13.jar:/home/goutam/.m2/repository/org/codehaus/jackson/jackson-mapper-asl/1.9.13/jackson-mapper-asl-1.9.13.jar:/home/goutam/.m2/repository/com/thoughtworks/paranamer/paranamer/2.7/paranamer-2.7.jar:/home/goutam/.m2/repository/org/tukaani/xz/1.5/xz-1.5.jar:/home/goutam/.m2/repository/org/slf4j/slf4j-log4j12/1.7.21/slf4j-log4j12-1.7.21.jar:/home/goutam/.m2/repository/org/apache/parquet/parquet-avro/1.8.1/parquet-avro-1.8.1.jar:/home/goutam/.m2/repository/org/apache/parquet/parquet-column/1.8.1/parquet-column-1.8.1.jar:/home/goutam/.m2/repository/org/apache/parquet/parquet-common/1.8.1/parquet-common-1.8.1.jar:/home/goutam/.m2/repository/org/apache/parquet/parquet-encoding/1.8.1/parquet-encoding-1.8.1.jar:/home/goutam/.m2/repository/org/apache/parquet/parquet-hadoop/1.8.1/parquet-hadoop-1.8.1.jar:/home/goutam/.m2/repository/org/apache/parquet/parquet-jackson/1.8.1/parquet-jackson-1.8.1.jar:/home/goutam/.m2/repository/org/apache/parquet/parquet-format/2.3.0-incubating/parquet-format-2.3.0-incubating.jar:/home/goutam/.m2/repository/org/apache/parquet/parquet-scala_2.10/1.8.1/parquet-scala_2.10-1.8.1.jar:/home/goutam/.m2/repository/org/seqdoop/hadoop-bam/7.8.0/hadoop-bam-7.8.0.jar:/home/goutam/.m2/repository/com/github/jsr203hadoop/jsr203hadoop/1.0.3/jsr203hadoop-1.0.3.jar:/home/goutam/.m2/repository/com/github/samtools/htsjdk/2.9.1/htsjdk-2.9.1.jar:/home/goutam/.m2/repository/org/apache/commons/commons-jexl/2.1.1/commons-jexl-2.1.1.jar:/home/goutam/.m2/repository/gov/nih/nlm/ncbi/ngs-java/1.2.4/ngs-java-1.2.4.jar:/home/goutam/.m2/repository/org/apache/httpcomponents/httpclient/4.5.2/httpclient-4.5.2.jar:/home/goutam/.m2/repository/org/apache/httpcomponents/httpcore/4.4.4/httpcore-4.4.4.jar:/home/goutam/.m2/repository/com/google/guava/guava/16.0.1/guava-16.0.1.jar:/home/goutam/.m2/repository/org/apache/spark/spark-core_2.11/2.1.0/spark-core_2.11-2.1.0.jar:/home/goutam/.m2/repository/org/apache/avro/avro-mapred/1.7.7/avro-mapred-1.7.7-hadoop2.jar:/home/goutam/.m2/repository/org/apache/avro/avro-ipc/1.7.7/avro-ipc-1.7.7.jar:/home/goutam/.m2/repository/org/apache/avro/avro-ipc/1.7.7/avro-ipc-1.7.7-tests.jar:/home/goutam/.m2/repository/com/twitter/chill_2.11/0.8.0/chill_2.11-0.8.0.jar:/home/goutam/.m2/repository/com/esotericsoftware/kryo-shaded/3.0.3/kryo-shaded-3.0.3.jar:/home/goutam/.m2/repository/com/esotericsoftware/minlog/1.3.0/minlog-1.3.0.jar:/home/goutam/.m2/repository/com/twitter/chill-java/0.8.0/chill-java-0.8.0.jar:/home/goutam/.m2/repository/org/apache/xbean/xbean-asm5-shaded/4.4/xbean-asm5-shaded-4.4.jar:/home/goutam/.m2/repository/org/apache/spark/spark-launcher_2.11/2.1.0/spark-launcher_2.11-2.1.0.jar:/home/goutam/.m2/repository/org/apache/spark/spark-network-common_2.11/2.1.0/spark-network-common_2.11-2.1.0.jar:/home/goutam/.m2/repository/org/fusesource/leveldbjni/leveldbjni-all/1.8/leveldbjni-all-1.8.jar:/home/goutam/.m2/repository/com/fasterxml/jackson/core/jackson-annotations/2.6.5/jackson-annotations-2.6.5.jar:/home/goutam/.m2/repository/org/apache/spark/spark-network-shuffle_2.11/2.1.0/spark-network-shuffle_2.11-2.1.0.jar:/home/goutam/.m2/repository/org/apache/spark/spark-unsafe_2.11/2.1.0/spark-unsafe_2.11-2.1.0.jar:/home/goutam/.m2/repository/net/java/dev/jets3t/jets3t/0.7.1/jets3t-0.7.1.jar:/home/goutam/.m2/repository/org/apache/curator/curator-recipes/2.4.0/curator-recipes-2.4.0.jar:/home/goutam/.m2/repository/org/apache/curator/curator-framework/2.4.0/curator-framework-2.4.0.jar:/home/goutam/.m2/repository/javax/servlet/javax.servlet-api/3.1.0/javax.servlet-api-3.1.0.jar:/home/goutam/.m2/repository/org/apache/commons/commons-lang3/3.5/commons-lang3-3.5.jar:/home/goutam/.m2/repository/org/apache/commons/commons-math3/3.4.1/commons-math3-3.4.1.jar:/home/goutam/.m2/repository/com/google/code/findbugs/jsr305/1.3.9/jsr305-1.3.9.jar:/home/goutam/.m2/repository/org/slf4j/slf4j-api/1.7.16/slf4j-api-1.7.16.jar:/home/goutam/.m2/repository/org/slf4j/jul-to-slf4j/1.7.16/jul-to-slf4j-1.7.16.jar:/home/goutam/.m2/repository/org/slf4j/jcl-over-slf4j/1.7.16/jcl-over-slf4j-1.7.16.jar:/home/goutam/.m2/repository/log4j/log4j/1.2.17/log4j-1.2.17.jar:/home/goutam/.m2/repository/com/ning/compress-lzf/1.0.3/compress-lzf-1.0.3.jar:/home/goutam/.m2/repository/org/xerial/snappy/snappy-java/1.1.2.6/snappy-java-1.1.2.6.jar:/home/goutam/.m2/repository/net/jpountz/lz4/lz4/1.3.0/lz4-1.3.0.jar:/home/goutam/.m2/repository/org/roaringbitmap/RoaringBitmap/0.5.11/RoaringBitmap-0.5.11.jar:/home/goutam/.m2/repository/commons-net/commons-net/2.2/commons-net-2.2.jar:/home/goutam/.m2/repository/org/json4s/json4s-jackson_2.11/3.2.11/json4s-jackson_2.11-3.2.11.jar:/home/goutam/.m2/repository/org/json4s/json4s-core_2.11/3.2.11/json4s-core_2.11-3.2.11.jar:/home/goutam/.m2/repository/org/json4s/json4s-ast_2.11/3.2.11/json4s-ast_2.11-3.2.11.jar:/home/goutam/.m2/repository/org/scala-lang/scalap/2.11.0/scalap-2.11.0.jar:/home/goutam/.m2/repository/org/scala-lang/scala-compiler/2.11.0/scala-compiler-2.11.0.jar:/home/goutam/.m2/repository/org/scala-lang/modules/scala-parser-combinators_2.11/1.0.1/scala-parser-combinators_2.11-1.0.1.jar:/home/goutam/.m2/repository/org/glassfish/jersey/core/jersey-client/2.22.2/jersey-client-2.22.2.jar:/home/goutam/.m2/repository/javax/ws/rs/javax.ws.rs-api/2.0.1/javax.ws.rs-api-2.0.1.jar:/home/goutam/.m2/repository/org/glassfish/hk2/hk2-api/2.4.0-b34/hk2-api-2.4.0-b34.jar:/home/goutam/.m2/repository/org/glassfish/hk2/hk2-utils/2.4.0-b34/hk2-utils-2.4.0-b34.jar:/home/goutam/.m2/repository/org/glassfish/hk2/external/aopalliance-repackaged/2.4.0-b34/aopalliance-repackaged-2.4.0-b34.jar:/home/goutam/.m2/repository/org/glassfish/hk2/external/javax.inject/2.4.0-b34/javax.inject-2.4.0-b34.jar:/home/goutam/.m2/repository/org/glassfish/hk2/hk2-locator/2.4.0-b34/hk2-locator-2.4.0-b34.jar:/home/goutam/.m2/repository/org/javassist/javassist/3.18.1-GA/javassist-3.18.1-GA.jar:/home/goutam/.m2/repository/org/glassfish/jersey/core/jersey-common/2.22.2/jersey-common-2.22.2.jar:/home/goutam/.m2/repository/javax/annotation/javax.annotation-api/1.2/javax.annotation-api-1.2.jar:/home/goutam/.m2/repository/org/glassfish/jersey/bundles/repackaged/jersey-guava/2.22.2/jersey-guava-2.22.2.jar:/home/goutam/.m2/repository/org/glassfish/hk2/osgi-resource-locator/1.0.1/osgi-resource-locator-1.0.1.jar:/home/goutam/.m2/repository/org/glassfish/jersey/core/jersey-server/2.22.2/jersey-server-2.22.2.jar:/home/goutam/.m2/repository/org/glassfish/jersey/media/jersey-media-jaxb/2.22.2/jersey-media-jaxb-2.22.2.jar:/home/goutam/.m2/repository/javax/validation/validation-api/1.1.0.Final/validation-api-1.1.0.Final.jar:/home/goutam/.m2/repository/org/glassfish/jersey/containers/jersey-container-servlet/2.22.2/jersey-container-servlet-2.22.2.jar:/home/goutam/.m2/repository/org/glassfish/jersey/containers/jersey-container-servlet-core/2.22.2/jersey-container-servlet-core-2.22.2.jar:/home/goutam/.m2/repository/io/netty/netty-all/4.0.42.Final/netty-all-4.0.42.Final.jar:/home/goutam/.m2/repository/io/netty/netty/3.8.0.Final/netty-3.8.0.Final.jar:/home/goutam/.m2/repository/com/clearspring/analytics/stream/2.7.0/stream-2.7.0.jar:/home/goutam/.m2/repository/io/dropwizard/metrics/metrics-core/3.1.2/metrics-core-3.1.2.jar:/home/goutam/.m2/repository/io/dropwizard/metrics/metrics-jvm/3.1.2/metrics-jvm-3.1.2.jar:/home/goutam/.m2/repository/io/dropwizard/metrics/metrics-json/3.1.2/metrics-json-3.1.2.jar:/home/goutam/.m2/repository/io/dropwizard/metrics/metrics-graphite/3.1.2/metrics-graphite-3.1.2.jar:/home/goutam/.m2/repository/com/fasterxml/jackson/core/jackson-databind/2.6.5/jackson-databind-2.6.5.jar:/home/goutam/.m2/repository/com/fasterxml/jackson/core/jackson-core/2.6.5/jackson-core-2.6.5.jar:/home/goutam/.m2/repository/com/fasterxml/jackson/module/jackson-module-scala_2.11/2.6.5/jackson-module-scala_2.11-2.6.5.jar:/home/goutam/.m2/repository/com/fasterxml/jackson/module/jackson-module-paranamer/2.6.5/jackson-module-paranamer-2.6.5.jar:/home/goutam/.m2/repository/org/apache/ivy/ivy/2.4.0/ivy-2.4.0.jar:/home/goutam/.m2/repository/oro/oro/2.0.8/oro-2.0.8.jar:/home/goutam/.m2/repository/net/razorvine/pyrolite/4.13/pyrolite-4.13.jar:/home/goutam/.m2/repository/net/sf/py4j/py4j/0.10.4/py4j-0.10.4.jar:/home/goutam/.m2/repository/org/apache/spark/spark-tags_2.11/2.1.0/spark-tags_2.11-2.1.0.jar:/home/goutam/.m2/repository/org/apache/commons/commons-crypto/1.0.0/commons-crypto-1.0.0.jar:/home/goutam/.m2/repository/org/spark-project/spark/unused/1.0.0/unused-1.0.0.jar:/home/goutam/.m2/repository/org/scalatest/scalatest_2.11/2.2.6/scalatest_2.11-2.2.6.jar:/home/goutam/.m2/repository/org/scala-lang/scala-reflect/2.11.7/scala-reflect-2.11.7.jar:/home/goutam/.m2/repository/org/scala-lang/modules/scala-xml_2.11/1.0.2/scala-xml_2.11-1.0.2.jar:/home/goutam/.m2/repository/org/scalanlp/breeze_2.10/0.10/breeze_2.10-0.10.jar:/home/goutam/.m2/repository/org/scalanlp/breeze-macros_2.10/0.3.1/breeze-macros_2.10-0.3.1.jar:/home/goutam/.m2/repository/org/scalamacros/quasiquotes_2.10/2.0.0-M8/quasiquotes_2.10-2.0.0-M8.jar:/home/goutam/.m2/repository/com/github/fommil/netlib/core/1.1.2/core-1.1.2.jar:/home/goutam/.m2/repository/net/sourceforge/f2j/arpack_combined_all/0.1/arpack_combined_all-0.1.jar:/home/goutam/.m2/repository/net/sf/opencsv/opencsv/2.3/opencsv-2.3.jar:/home/goutam/.m2/repository/com/github/rwl/jtransforms/2.4.0/jtransforms-2.4.0.jar:/home/goutam/.m2/repository/junit/junit/4.8.2/junit-4.8.2.jar:/home/goutam/.m2/repository/org/spire-math/spire_2.10/0.7.4/spire_2.10-0.7.4.jar:/home/goutam/.m2/repository/org/spire-math/spire-macros_2.10/0.7.4/spire-macros_2.10-0.7.4.jar:/home/goutam/.m2/repository/org/bdgenomics/bdg-formats/bdg-formats/0.10.1/bdg-formats-0.10.1.jar">
</property>
    <property name="java.vm.specification.version" value="1.8"> </property>
    <property name="sun.arch.data.model" value="64"> </property>
    <property name="java.home" value="/usr/lib/jvm/java-8-openjdk-amd64/jre">
    </property>
    <property 
    name="sun.java.command" value="org.scalatest.tools.Runner -R /home/goutam/goutam-lime/lime/lime-core/target/scala-2.11.8/classes /home/goutam/goutam-lime/lime/lime-core/target/scala-2.11.8/test-classes -oF -f /home/goutam/goutam-lime/lime/lime-core/target/scalatest-reports/limeTestSuite.txt -u /home/goutam/goutam-lime/lime/lime-core/target/scalatest-reports/.">
</property>
    <property name="java.specification.vendor" value="Oracle Corporation">
    </property>
    <property name="user.language" value="en"> </property>
    <property name="awt.toolkit" value="sun.awt.X11.XToolkit"> </property>
    <property name="java.vm.info" value="mixed mode"> </property>
    <property name="java.version" value="1.8.0_121"> </property>
    <property 
    name="java.ext.dirs" value="/usr/lib/jvm/java-8-openjdk-amd64/jre/lib/ext:/usr/java/packages/lib/ext">
</property>
    <property 
    name="sun.boot.class.path" value="/usr/lib/jvm/java-8-openjdk-amd64/jre/lib/resources.jar:/usr/lib/jvm/java-8-openjdk-amd64/jre/lib/rt.jar:/usr/lib/jvm/java-8-openjdk-amd64/jre/lib/sunrsasign.jar:/usr/lib/jvm/java-8-openjdk-amd64/jre/lib/jsse.jar:/usr/lib/jvm/java-8-openjdk-amd64/jre/lib/jce.jar:/usr/lib/jvm/java-8-openjdk-amd64/jre/lib/charsets.jar:/usr/lib/jvm/java-8-openjdk-amd64/jre/lib/jfr.jar:/usr/lib/jvm/java-8-openjdk-amd64/jre/classes">
</property>
    <property name="java.vendor" value="Oracle Corporation"> </property>
    <property name="file.separator" value="/"> </property>
    <property 
    name="java.vendor.url.bug" value="http://bugreport.sun.com/bugreport/">
</property>
    <property name="sun.io.serialization.extendedDebugInfo" value="true">
    </property>
    <property name="sun.cpu.endian" value="little"> </property>
    <property name="sun.io.unicode.encoding" value="UnicodeLittle"> </property>
    <property name="sun.desktop" value="gnome"> </property>
    <property name="sun.cpu.isalist" value=""> </property>
  </properties>
  <testcase 
  name="test local merge when all data merges to a single region" classname="org.bdgenomics.lime.set_theory.MergeSuite" time="0.529">
</testcase>
  <system-out><![CDATA[]]></system-out>
  <system-err><![CDATA[]]></system-err>
</testsuite>
